<?xml version="1.0" encoding="UTF-8"?>
<testsuite xmlns:xsi="http://www.w3.org/2001/XMLSchema-instance" xsi:noNamespaceSchemaLocation="https://maven.apache.org/surefire/maven-surefire-plugin/xsd/surefire-test-report-3.0.xsd" version="3.0" name="com.example.securitytemplate.SecuritytemplateApplicationTests" time="12.114" tests="1" errors="0" skipped="0" failures="0">
  <properties>
[...]
</properties>
  <testcase name="contextLoads" classname="com.example.securitytemplate.SecuritytemplateApplicationTests" time="0.662">
    <system-out><![CDATA[13:38:32.987 [main] INFO org.springframework.test.context.support.AnnotationConfigContextLoaderUtils -- Could not detect default configuration classes for test class [com.example.securitytemplate.SecuritytemplateApplicationTests]: SecuritytemplateApplicationTests does not declare any static, non-private, non-final, nested classes annotated with @Configuration.
13:38:33.163 [main] INFO org.springframework.boot.test.context.SpringBootTestContextBootstrapper -- Found @SpringBootConfiguration com.example.securitytemplate.SecuritytemplateApplication for test class com.example.securitytemplate.SecuritytemplateApplicationTests
13:38:33.429 [main] INFO org.springframework.boot.devtools.restart.RestartApplicationListener -- Restart disabled due to context in which it is running

  .   ____          _            __ _ _
 /\\ / ___'_ __ _ _(_)_ __  __ _ \ \ \ \
( ( )\___ | '_ | '_| | '_ \/ _` | \ \ \ \
 \\/  ___)| |_)| | | | | || (_| |  ) ) ) )
  '  |____| .__|_| |_|_| |_\__, | / / / /
 =========|_|==============|___/=/_/_/_/
 :: Spring Boot ::                (v3.2.4)

2025-04-11T13:38:34.828+05:30  INFO 21156 --- [securitytemplate] [           main] c.e.s.SecuritytemplateApplicationTests   : No active profile set, falling back to 1 default profile: "default"
2025-04-11T13:38:36.264+05:30  INFO 21156 --- [securitytemplate] [           main] .s.d.r.c.RepositoryConfigurationDelegate : Bootstrapping Spring Data JPA repositories in DEFAULT mode.
2025-04-11T13:38:36.357+05:30  INFO 21156 --- [securitytemplate] [           main] .s.d.r.c.RepositoryConfigurationDelegate : Finished Spring Data repository scanning in 80 ms. Found 1 JPA repository interface.
2025-04-11T13:38:36.727+05:30  INFO 21156 --- [securitytemplate] [           main] o.s.cloud.context.scope.GenericScope     : BeanFactory id=2c6e902e-2006-3cfe-8897-06bcf8e3d329
2025-04-11T13:38:37.521+05:30  INFO 21156 --- [securitytemplate] [           main] o.hibernate.jpa.internal.util.LogHelper  : HHH000204: Processing PersistenceUnitInfo [name: default]
2025-04-11T13:38:37.666+05:30  INFO 21156 --- [securitytemplate] [           main] org.hibernate.Version                    : HHH000412: Hibernate ORM core version 6.4.4.Final
2025-04-11T13:38:37.721+05:30  INFO 21156 --- [securitytemplate] [           main] o.h.c.internal.RegionFactoryInitiator    : HHH000026: Second-level cache disabled
2025-04-11T13:38:38.207+05:30  INFO 21156 --- [securitytemplate] [           main] o.s.o.j.p.SpringPersistenceUnitInfo      : No LoadTimeWeaver setup: ignoring JPA class transformer
2025-04-11T13:38:38.256+05:30  INFO 21156 --- [securitytemplate] [           main] com.zaxxer.hikari.HikariDataSource       : HikariPool-1 - Starting...
2025-04-11T13:38:39.076+05:30  INFO 21156 --- [securitytemplate] [           main] com.zaxxer.hikari.pool.HikariPool        : HikariPool-1 - Added connection com.mysql.cj.jdbc.ConnectionImpl@71df5f30
2025-04-11T13:38:39.078+05:30  INFO 21156 --- [securitytemplate] [           main] com.zaxxer.hikari.HikariDataSource       : HikariPool-1 - Start completed.
2025-04-11T13:38:39.214+05:30  WARN 21156 --- [securitytemplate] [           main] org.hibernate.orm.deprecation            : HHH90000025: MySQL8Dialect does not need to be specified explicitly using 'hibernate.dialect' (remove the property setting and it will be selected by default)
2025-04-11T13:38:39.215+05:30  WARN 21156 --- [securitytemplate] [           main] org.hibernate.orm.deprecation            : HHH90000026: MySQL8Dialect has been deprecated; use org.hibernate.dialect.MySQLDialect instead
2025-04-11T13:38:40.383+05:30  INFO 21156 --- [securitytemplate] [           main] o.h.e.t.j.p.i.JtaPlatformInitiator       : HHH000489: No JTA platform available (set 'hibernate.transaction.jta.platform' to enable JTA platform integration)
2025-04-11T13:38:40.649+05:30  INFO 21156 --- [securitytemplate] [           main] j.LocalContainerEntityManagerFactoryBean : Initialized JPA EntityManagerFactory for persistence unit 'default'
2025-04-11T13:38:41.728+05:30  WARN 21156 --- [securitytemplate] [           main] JpaBaseConfiguration$JpaWebConfiguration : spring.jpa.open-in-view is enabled by default. Therefore, database queries may be performed during view rendering. Explicitly configure spring.jpa.open-in-view to disable this warning
2025-04-11T13:38:42.217+05:30  INFO 21156 --- [securitytemplate] [           main] o.s.b.a.w.s.WelcomePageHandlerMapping    : Adding welcome page: class path resource [static/index.html]
2025-04-11T13:38:42.735+05:30  INFO 21156 --- [securitytemplate] [           main] o.s.b.a.e.web.EndpointLinksResolver      : Exposing 1 endpoint(s) beneath base path '/actuator'
2025-04-11T13:38:42.841+05:30  INFO 21156 --- [securitytemplate] [           main] o.s.s.web.DefaultSecurityFilterChain     : Will secure any request with [org.springframework.security.web.session.DisableEncodeUrlFilter@7b13ae73, org.springframework.security.web.context.request.async.WebAsyncManagerIntegrationFilter@2dbfb843, org.springframework.security.web.context.SecurityContextHolderFilter@74ee07e, org.springframework.security.web.header.HeaderWriterFilter@2cc3b0a7, org.springframework.web.filter.CorsFilter@5ab2c5d8, org.springframework.security.web.authentication.logout.LogoutFilter@7296675e, com.example.securitytemplate.filter.JwtRequestFilter@2286dfcd, org.springframework.security.web.savedrequest.RequestCacheAwareFilter@2045a469, org.springframework.security.web.servletapi.SecurityContextHolderAwareRequestFilter@17224bad, org.springframework.security.web.authentication.AnonymousAuthenticationFilter@5ec75178, org.springframework.security.web.session.SessionManagementFilter@7a98f106, org.springframework.security.web.access.ExceptionTranslationFilter@3e966e67, org.springframework.security.web.access.intercept.AuthorizationFilter@1acd952e]
2025-04-11T13:38:43.885+05:30  INFO 21156 --- [securitytemplate] [           main] o.s.m.s.b.SimpleBrokerMessageHandler     : Starting...
2025-04-11T13:38:43.887+05:30  INFO 21156 --- [securitytemplate] [           main] o.s.m.s.b.SimpleBrokerMessageHandler     : BrokerAvailabilityEvent[available=true, SimpleBrokerMessageHandler [org.springframework.messaging.simp.broker.DefaultSubscriptionRegistry@561f982f]]
2025-04-11T13:38:43.890+05:30  INFO 21156 --- [securitytemplate] [           main] o.s.m.s.b.SimpleBrokerMessageHandler     : Started.
2025-04-11T13:38:43.920+05:30  INFO 21156 --- [securitytemplate] [           main] c.e.s.SecuritytemplateApplicationTests   : Started SecuritytemplateApplicationTests in 10.514 seconds (process running for 12.245)
]]></system-out>
    <system-err><![CDATA[WARNING: A Java agent has been loaded dynamically (C:\Users\rohan\.m2\repository\net\bytebuddy\byte-buddy-agent\1.14.12\byte-buddy-agent-1.14.12.jar)
WARNING: If a serviceability tool is in use, please run with -XX:+EnableDynamicAgentLoading to hide this warning
WARNING: If a serviceability tool is not in use, please run with -Djdk.instrument.traceUsage for more information
WARNING: Dynamic loading of agents will be disallowed by default in a future release
]]></system-err>
  </testcase>
</testsuite>